Arguments: 
  C:\Program Files\NodeJS\node.exe C:\Program Files\NodeJS\node_modules\yarn\bin\yarn.js init

PATH: 
  C:\Users\sarau\bin;C:\Program Files\Git\mingw64\bin;C:\Program Files\Git\usr\local\bin;C:\Program Files\Git\usr\bin;C:\Program Files\Git\usr\bin;C:\Program Files\Git\mingw64\bin;C:\Program Files\Git\usr\bin;C:\Users\sarau\bin;C:\Program Files (x86)\Common Files\Intel\Shared Libraries\redist\intel64\compiler;C:\Windows\system32;C:\Windows;C:\Windows\System32\Wbem;C:\Windows\System32\WindowsPowerShell\v1.0;C:\Program Files\Git\cmd;C:\Program Files\Git\mingw64\bin;C:\Program Files\Git\usr\bin;C:\Program Files\NodeJS;C:\Program Files\Microsoft VS Code\bin;C:\Program Files\Git\usr\bin\vendor_perl;C:\Program Files\Git\usr\bin\core_perl

Yarn version: 
  1.10.1

Node version: 
  8.9.1

Platform: 
  win32 x64

Trace: 
  Error: Can't answer a question unless a user TTY
      at ConsoleReporter.question (C:\Program Files\NodeJS\node_modules\yarn\lib\cli.js:86893:59)
      at Object.<anonymous> (C:\Program Files\NodeJS\node_modules\yarn\lib\cli.js:79585:38)
      at Generator.next (<anonymous>)
      at step (C:\Program Files\NodeJS\node_modules\yarn\lib\cli.js:98:30)
      at C:\Program Files\NodeJS\node_modules\yarn\lib\cli.js:109:13
      at <anonymous>

npm manifest: 
  No manifest

yarn manifest: 
  No manifest

Lockfile: 
  No lockfile
